Exception in thread "main" java.lang.IllegalArgumentException: Floatliteral values connot be under  2^-{149}
	at org.apache.commons.lang.Validate.isTrue(Validate.java:136)
	at fr.ensimag.deca.tree.FloatLiteral.<init>(FloatLiteral.java:34)
	at fr.ensimag.deca.syntax.DecaParser.literal(DecaParser.java:2387)
	at fr.ensimag.deca.syntax.DecaParser.primary_expr(DecaParser.java:2284)
	at fr.ensimag.deca.syntax.DecaParser.select_expr(DecaParser.java:2041)
	at fr.ensimag.deca.syntax.DecaParser.unary_expr(DecaParser.java:1973)
	at fr.ensimag.deca.syntax.DecaParser.mult_expr(DecaParser.java:1805)
	at fr.ensimag.deca.syntax.DecaParser.sum_expr(DecaParser.java:1686)
	at fr.ensimag.deca.syntax.DecaParser.inequality_expr(DecaParser.java:1509)
	at fr.ensimag.deca.syntax.DecaParser.eq_neq_expr(DecaParser.java:1382)
	at fr.ensimag.deca.syntax.DecaParser.and_expr(DecaParser.java:1291)
	at fr.ensimag.deca.syntax.DecaParser.or_expr(DecaParser.java:1202)
	at fr.ensimag.deca.syntax.DecaParser.assign_expr(DecaParser.java:1117)
	at fr.ensimag.deca.syntax.DecaParser.expr(DecaParser.java:1073)
	at fr.ensimag.deca.syntax.DecaParser.decl_var(DecaParser.java:501)
	at fr.ensimag.deca.syntax.DecaParser.list_decl_var(DecaParser.java:420)
	at fr.ensimag.deca.syntax.DecaParser.decl_var_set(DecaParser.java:372)
	at fr.ensimag.deca.syntax.DecaParser.list_decl(DecaParser.java:324)
	at fr.ensimag.deca.syntax.DecaParser.block(DecaParser.java:268)
	at fr.ensimag.deca.syntax.DecaParser.main(DecaParser.java:216)
	at fr.ensimag.deca.syntax.DecaParser.prog(DecaParser.java:163)
	at fr.ensimag.deca.syntax.DecaParser.parseProgram(DecaParser.java:129)
	at fr.ensimag.deca.syntax.AbstractDecaParser.parseProgramAndManageErrors(AbstractDecaParser.java:40)
	at fr.ensimag.deca.syntax.ManualTestSynt.main(ManualTestSynt.java:30)
